# JRE version: Java(TM) SE Runtime Environment (21.0.5+9) (build 21.0.5+9-LTS-239)
# Java VM: Java HotSpot(TM) 64-Bit Server VM (21.0.5+9-LTS-239, mixed mode, sharing, tiered, compressed oops, compressed class ptrs, g1 gc, windows-amd64)
GC Precious Log:
 CardTable entry size: 512
 Card Set container configuration: InlinePtr #cards 4 size 8 Array Of Cards #cards 16 size 48 Howl #buckets 8 coarsen threshold 3686 Howl Bitmap #cards 512 size 80 coarsen threshold 460 Card regions per heap region 1 cards per card region 4096
 CPUs: 16 total, 16 available
 Memory: 16305M
 Large Page Support: Disabled
 NUMA Support: Disabled
 Compressed Oops: Enabled (Zero based)
 Heap Region Size: 2M
 Heap Min Capacity: 8M
 Heap Initial Capacity: 256M
 Heap Max Capacity: 4078M
 Pre-touch: Disabled
 Parallel Workers: 13
 Concurrent Workers: 3
 Concurrent Refinement Workers: 13
 Periodic GC: Disabled
Heap:
 garbage-first heap   total 90112K, used 37013K [0x0000000701200000, 0x0000000800000000)
  region size 2048K, 4 young (8192K), 2 survivors (4096K)
 Metaspace       used 79771K, committed 80640K, reserved 1179648K
  class space    used 10742K, committed 11136K, reserved 1048576K
GC Heap History (20 events):
Event: 2.096 GC heap before
{Heap before GC invocations=4 (full 0):
 garbage-first heap   total 61440K, used 59148K [0x0000000701200000, 0x0000000800000000)
  region size 2048K, 26 young (53248K), 4 survivors (8192K)
 Metaspace       used 28026K, committed 28480K, reserved 1114112K
  class space    used 3438K, committed 3648K, reserved 1048576K
}
Event: 2.102 GC heap after
{Heap after GC invocations=5 (full 0):
 garbage-first heap   total 73728K, used 18044K [0x0000000701200000, 0x0000000800000000)
  region size 2048K, 6 young (12288K), 6 survivors (12288K)
 Metaspace       used 28026K, committed 28480K, reserved 1114112K
  class space    used 3438K, committed 3648K, reserved 1048576K
}
Event: 2.466 GC heap before
{Heap before GC invocations=5 (full 0):
 garbage-first heap   total 73728K, used 46716K [0x0000000701200000, 0x0000000800000000)
  region size 2048K, 21 young (43008K), 6 survivors (12288K)
 Metaspace       used 33371K, committed 33920K, reserved 1114112K
  class space    used 4104K, committed 4352K, reserved 1048576K
}
Event: 2.471 GC heap after
{Heap after GC invocations=6 (full 0):
 garbage-first heap   total 73728K, used 20037K [0x0000000701200000, 0x0000000800000000)
  region size 2048K, 2 young (4096K), 2 survivors (4096K)
 Metaspace       used 33371K, committed 33920K, reserved 1114112K
  class space    used 4104K, committed 4352K, reserved 1048576K
}
Event: 2.571 GC heap before
{Heap before GC invocations=6 (full 0):
 garbage-first heap   total 73728K, used 28229K [0x0000000701200000, 0x0000000800000000)
  region size 2048K, 7 young (14336K), 2 survivors (4096K)
 Metaspace       used 35407K, committed 35968K, reserved 1114112K
  class space    used 4413K, committed 4672K, reserved 1048576K
}
Event: 2.572 GC heap after
{Heap after GC invocations=7 (full 0):
 garbage-first heap   total 73728K, used 19599K [0x0000000701200000, 0x0000000800000000)
  region size 2048K, 2 young (4096K), 2 survivors (4096K)
 Metaspace       used 35407K, committed 35968K, reserved 1114112K
  class space    used 4413K, committed 4672K, reserved 1048576K
}
Event: 3.088 GC heap before
{Heap before GC invocations=8 (full 0):
 garbage-first heap   total 73728K, used 56463K [0x0000000701200000, 0x0000000800000000)
  region size 2048K, 21 young (43008K), 2 survivors (4096K)
 Metaspace       used 44307K, committed 44928K, reserved 1114112K
  class space    used 5671K, committed 5952K, reserved 1048576K
}
Event: 3.090 GC heap after
{Heap after GC invocations=9 (full 0):
 garbage-first heap   total 90112K, used 21580K [0x0000000701200000, 0x0000000800000000)
  region size 2048K, 3 young (6144K), 3 survivors (6144K)
 Metaspace       used 44307K, committed 44928K, reserved 1114112K
  class space    used 5671K, committed 5952K, reserved 1048576K
}
Event: 3.580 GC heap before
{Heap before GC invocations=9 (full 0):
 garbage-first heap   total 90112K, used 66636K [0x0000000701200000, 0x0000000800000000)
  region size 2048K, 26 young (53248K), 3 survivors (6144K)
 Metaspace       used 54090K, committed 54720K, reserved 1114112K
  class space    used 7077K, committed 7360K, reserved 1048576K
}
Event: 3.583 GC heap after
{Heap after GC invocations=10 (full 0):
 garbage-first heap   total 90112K, used 23628K [0x0000000701200000, 0x0000000800000000)
  region size 2048K, 4 young (8192K), 4 survivors (8192K)
 Metaspace       used 54090K, committed 54720K, reserved 1114112K
  class space    used 7077K, committed 7360K, reserved 1048576K
}
Event: 4.137 GC heap before
{Heap before GC invocations=10 (full 0):
 garbage-first heap   total 90112K, used 50252K [0x0000000701200000, 0x0000000800000000)
  region size 2048K, 19 young (38912K), 4 survivors (8192K)
 Metaspace       used 59585K, committed 60288K, reserved 1114112K
  class space    used 7795K, committed 8128K, reserved 1048576K
}
Event: 4.141 GC heap after
{Heap after GC invocations=11 (full 0):
 garbage-first heap   total 90112K, used 25437K [0x0000000701200000, 0x0000000800000000)
  region size 2048K, 3 young (6144K), 3 survivors (6144K)
 Metaspace       used 59585K, committed 60288K, reserved 1114112K
  class space    used 7795K, committed 8128K, reserved 1048576K
}
Event: 4.728 GC heap before
{Heap before GC invocations=12 (full 0):
 garbage-first heap   total 90112K, used 72541K [0x0000000701200000, 0x0000000800000000)
  region size 2048K, 26 young (53248K), 3 survivors (6144K)
 Metaspace       used 64573K, committed 65280K, reserved 1114112K
  class space    used 8798K, committed 9088K, reserved 1048576K
}
Event: 4.732 GC heap after
{Heap after GC invocations=13 (full 0):
 garbage-first heap   total 90112K, used 28881K [0x0000000701200000, 0x0000000800000000)
  region size 2048K, 4 young (8192K), 4 survivors (8192K)
 Metaspace       used 64573K, committed 65280K, reserved 1114112K
  class space    used 8798K, committed 9088K, reserved 1048576K
}
Event: 5.027 GC heap before
{Heap before GC invocations=13 (full 0):
 garbage-first heap   total 90112K, used 71889K [0x0000000701200000, 0x0000000800000000)
  region size 2048K, 26 young (53248K), 4 survivors (8192K)
 Metaspace       used 67256K, committed 67968K, reserved 1114112K
  class space    used 9126K, committed 9472K, reserved 1048576K
}
Event: 5.030 GC heap after
{Heap after GC invocations=14 (full 0):
 garbage-first heap   total 90112K, used 29509K [0x0000000701200000, 0x0000000800000000)
  region size 2048K, 3 young (6144K), 3 survivors (6144K)
 Metaspace       used 67256K, committed 67968K, reserved 1114112K
  class space    used 9126K, committed 9472K, reserved 1048576K
}
Event: 6.054 GC heap before
{Heap before GC invocations=14 (full 0):
 garbage-first heap   total 90112K, used 74565K [0x0000000701200000, 0x0000000800000000)
  region size 2048K, 25 young (51200K), 3 survivors (6144K)
 Metaspace       used 73392K, committed 74176K, reserved 1114112K
  class space    used 9931K, committed 10304K, reserved 1048576K
}
Event: 6.057 GC heap after
{Heap after GC invocations=15 (full 0):
 garbage-first heap   total 90112K, used 33087K [0x0000000701200000, 0x0000000800000000)
  region size 2048K, 4 young (8192K), 4 survivors (8192K)
 Metaspace       used 73392K, committed 74176K, reserved 1114112K
  class space    used 9931K, committed 10304K, reserved 1048576K
}
Event: 34.299 GC heap before
{Heap before GC invocations=15 (full 0):
 garbage-first heap   total 90112K, used 71999K [0x0000000701200000, 0x0000000800000000)
  region size 2048K, 24 young (49152K), 4 survivors (8192K)
 Metaspace       used 79547K, committed 80384K, reserved 1179648K
  class space    used 10714K, committed 11136K, reserved 1048576K
}
Event: 34.303 GC heap after
{Heap after GC invocations=16 (full 0):
 garbage-first heap   total 90112K, used 34965K [0x0000000701200000, 0x0000000800000000)
  region size 2048K, 2 young (4096K), 2 survivors (4096K)
 Metaspace       used 79547K, committed 80384K, reserved 1179648K
  class space    used 10714K, committed 11136K, reserved 1048576K
}

